2025-11-02 13:27:22,665 - INFO - Created/verified directory: /Users/franekapanowicz/Python/ML_2025/machine-learning-project/images
2025-11-02 13:27:22,665 - INFO - Loading dataset from /Users/franekapanowicz/Python/ML_2025/machine-learning-project/notebooks/project_data_clean.parquet...
2025-11-02 13:27:25,084 - INFO - Loaded 76,935 products
2025-11-02 13:27:25,098 - INFO - Found 76,935 products with image URLs
2025-11-02 13:27:54,209 - INFO - Starting download of 76,935 images...
2025-11-02 13:27:54,209 - INFO - Using 10 concurrent workers
2025-11-02 14:15:53,442 - INFO - ============================================================
2025-11-02 14:15:53,443 - INFO - DOWNLOAD COMPLETE
2025-11-02 14:15:53,443 - INFO - ============================================================
2025-11-02 14:15:53,443 - INFO -  Successfully downloaded: 76,866
2025-11-02 14:15:53,443 - INFO -  Already existed: 0
2025-11-02 14:15:53,443 - INFO -  Failed downloads: 69
2025-11-02 14:15:53,443 - INFO - 
Error breakdown:
2025-11-02 14:15:53,443 - INFO -   • not_found: 65
2025-11-02 14:15:53,443 - INFO -   • corrupted_image: 4
2025-11-02 14:15:53,443 - INFO - 
 Overall success rate: 99.9%
2025-11-02 14:17:40,940 - INFO - 
Creating zip archive: /Users/franekapanowicz/Python/ML_2025/machine-learning-project/images.zip
2025-11-02 14:17:40,940 - INFO - Compressing 76,866 images...
2025-11-02 14:17:41,706 - INFO -   Compressed 1,000 / 76,866 images
2025-11-02 14:17:42,476 - INFO -   Compressed 2,000 / 76,866 images
2025-11-02 14:17:43,251 - INFO -   Compressed 3,000 / 76,866 images
2025-11-02 14:17:44,020 - INFO -   Compressed 4,000 / 76,866 images
2025-11-02 14:17:44,754 - INFO -   Compressed 5,000 / 76,866 images
2025-11-02 14:17:45,483 - INFO -   Compressed 6,000 / 76,866 images
2025-11-02 14:17:46,210 - INFO -   Compressed 7,000 / 76,866 images
2025-11-02 14:17:46,931 - INFO -   Compressed 8,000 / 76,866 images
2025-11-02 14:17:47,639 - INFO -   Compressed 9,000 / 76,866 images
2025-11-02 14:17:48,371 - INFO -   Compressed 10,000 / 76,866 images
2025-11-02 14:17:49,087 - INFO -   Compressed 11,000 / 76,866 images
2025-11-02 14:17:49,790 - INFO -   Compressed 12,000 / 76,866 images
2025-11-02 14:17:50,504 - INFO -   Compressed 13,000 / 76,866 images
2025-11-02 14:17:51,216 - INFO -   Compressed 14,000 / 76,866 images
2025-11-02 14:17:51,957 - INFO -   Compressed 15,000 / 76,866 images
2025-11-02 14:17:52,667 - INFO -   Compressed 16,000 / 76,866 images
2025-11-02 14:17:53,366 - INFO -   Compressed 17,000 / 76,866 images
2025-11-02 14:17:54,074 - INFO -   Compressed 18,000 / 76,866 images
2025-11-02 14:17:54,788 - INFO -   Compressed 19,000 / 76,866 images
2025-11-02 14:17:55,484 - INFO -   Compressed 20,000 / 76,866 images
2025-11-02 14:17:56,205 - INFO -   Compressed 21,000 / 76,866 images
2025-11-02 14:17:56,918 - INFO -   Compressed 22,000 / 76,866 images
2025-11-02 14:17:57,614 - INFO -   Compressed 23,000 / 76,866 images
2025-11-02 14:17:58,319 - INFO -   Compressed 24,000 / 76,866 images
2025-11-02 14:17:59,017 - INFO -   Compressed 25,000 / 76,866 images
2025-11-02 14:17:59,707 - INFO -   Compressed 26,000 / 76,866 images
2025-11-02 14:18:00,413 - INFO -   Compressed 27,000 / 76,866 images
2025-11-02 14:18:01,110 - INFO -   Compressed 28,000 / 76,866 images
2025-11-02 14:18:01,825 - INFO -   Compressed 29,000 / 76,866 images
2025-11-02 14:18:02,519 - INFO -   Compressed 30,000 / 76,866 images
2025-11-02 14:18:03,240 - INFO -   Compressed 31,000 / 76,866 images
2025-11-02 14:18:03,937 - INFO -   Compressed 32,000 / 76,866 images
2025-11-02 14:18:04,634 - INFO -   Compressed 33,000 / 76,866 images
2025-11-02 14:18:05,333 - INFO -   Compressed 34,000 / 76,866 images
2025-11-02 14:18:06,052 - INFO -   Compressed 35,000 / 76,866 images
2025-11-02 14:18:06,750 - INFO -   Compressed 36,000 / 76,866 images
2025-11-02 14:18:07,449 - INFO -   Compressed 37,000 / 76,866 images
2025-11-02 14:18:08,162 - INFO -   Compressed 38,000 / 76,866 images
2025-11-02 14:18:08,868 - INFO -   Compressed 39,000 / 76,866 images
2025-11-02 14:18:09,569 - INFO -   Compressed 40,000 / 76,866 images
2025-11-02 14:18:10,282 - INFO -   Compressed 41,000 / 76,866 images
2025-11-02 14:18:10,991 - INFO -   Compressed 42,000 / 76,866 images
2025-11-02 14:18:11,696 - INFO -   Compressed 43,000 / 76,866 images
2025-11-02 14:18:12,388 - INFO -   Compressed 44,000 / 76,866 images
2025-11-02 14:18:13,105 - INFO -   Compressed 45,000 / 76,866 images
2025-11-02 14:18:13,790 - INFO -   Compressed 46,000 / 76,866 images
2025-11-02 14:18:14,525 - INFO -   Compressed 47,000 / 76,866 images
2025-11-02 14:18:15,243 - INFO -   Compressed 48,000 / 76,866 images
2025-11-02 14:18:15,951 - INFO -   Compressed 49,000 / 76,866 images
2025-11-02 14:18:16,654 - INFO -   Compressed 50,000 / 76,866 images
2025-11-02 14:18:17,364 - INFO -   Compressed 51,000 / 76,866 images
2025-11-02 14:18:18,066 - INFO -   Compressed 52,000 / 76,866 images
2025-11-02 14:18:18,759 - INFO -   Compressed 53,000 / 76,866 images
2025-11-02 14:18:19,459 - INFO -   Compressed 54,000 / 76,866 images
2025-11-02 14:18:20,161 - INFO -   Compressed 55,000 / 76,866 images
2025-11-02 14:18:20,878 - INFO -   Compressed 56,000 / 76,866 images
2025-11-02 14:18:21,605 - INFO -   Compressed 57,000 / 76,866 images
2025-11-02 14:18:22,325 - INFO -   Compressed 58,000 / 76,866 images
2025-11-02 14:18:23,036 - INFO -   Compressed 59,000 / 76,866 images
2025-11-02 14:18:23,742 - INFO -   Compressed 60,000 / 76,866 images
2025-11-02 14:18:24,454 - INFO -   Compressed 61,000 / 76,866 images
2025-11-02 14:18:25,154 - INFO -   Compressed 62,000 / 76,866 images
2025-11-02 14:18:25,849 - INFO -   Compressed 63,000 / 76,866 images
2025-11-02 14:18:26,560 - INFO -   Compressed 64,000 / 76,866 images
2025-11-02 14:18:27,263 - INFO -   Compressed 65,000 / 76,866 images
2025-11-02 14:18:27,964 - INFO -   Compressed 66,000 / 76,866 images
2025-11-02 14:18:28,669 - INFO -   Compressed 67,000 / 76,866 images
2025-11-02 14:18:29,365 - INFO -   Compressed 68,000 / 76,866 images
2025-11-02 14:18:30,063 - INFO -   Compressed 69,000 / 76,866 images
2025-11-02 14:18:30,767 - INFO -   Compressed 70,000 / 76,866 images
2025-11-02 14:18:31,494 - INFO -   Compressed 71,000 / 76,866 images
2025-11-02 14:18:32,196 - INFO -   Compressed 72,000 / 76,866 images
2025-11-02 14:18:32,884 - INFO -   Compressed 73,000 / 76,866 images
2025-11-02 14:18:33,583 - INFO -   Compressed 74,000 / 76,866 images
2025-11-02 14:18:34,284 - INFO -   Compressed 75,000 / 76,866 images
2025-11-02 14:18:34,990 - INFO -   Compressed 76,000 / 76,866 images
2025-11-02 14:18:35,661 - INFO - 
 Zip archive created successfully!
2025-11-02 14:18:35,662 - INFO -   • Filename: /Users/franekapanowicz/Python/ML_2025/machine-learning-project/images.zip
2025-11-02 14:18:35,662 - INFO -   • Size: 1.80 GB
2025-11-02 14:18:35,662 - INFO -   • Images: 76,866
2025-11-02 14:18:35,668 - INFO - 
 Total time: 0h 51m 13s
2025-11-02 14:18:35,668 - INFO - 
============================================================
2025-11-02 14:18:35,668 - INFO -                       SCRIPT COMPLETE!                      
2025-11-02 14:18:35,669 - INFO - ============================================================
2025-11-02 14:18:35,669 - INFO - 
 Next steps:
2025-11-02 14:18:35,669 - INFO -   1. Upload 'project_data_clean.parquet' to shared drive
2025-11-02 14:18:35,669 - INFO -   2. Upload 'images.zip' to shared drive (if created)
2025-11-02 14:18:35,669 - INFO -   3. Share the DATA_DRIVE_URL with the team
2025-11-02 14:18:35,669 - INFO -   4. Proceed with Notebook 02 for baseline models
